d:\github\ai course\flappybird_nn\flappybird\debug\vc143.pdb
d:\github\ai course\flappybird_nn\flappybird\debug\vc143.idb
d:\github\ai course\flappybird_nn\flappybird\debug\statemachine.obj
d:\github\ai course\flappybird_nn\flappybird\debug\splashstate.obj
d:\github\ai course\flappybird_nn\flappybird\debug\pipe.obj
d:\github\ai course\flappybird_nn\flappybird\debug\nn.obj
d:\github\ai course\flappybird_nn\flappybird\debug\matrix.obj
d:\github\ai course\flappybird_nn\flappybird\debug\mainmenustate.obj
d:\github\ai course\flappybird_nn\flappybird\debug\main.obj
d:\github\ai course\flappybird_nn\flappybird\debug\land.obj
d:\github\ai course\flappybird_nn\flappybird\debug\inputmanager.obj
d:\github\ai course\flappybird_nn\flappybird\debug\hud.obj
d:\github\ai course\flappybird_nn\flappybird\debug\gamestate.obj
d:\github\ai course\flappybird_nn\flappybird\debug\gameoverstate.obj
d:\github\ai course\flappybird_nn\flappybird\debug\game.obj
d:\github\ai course\flappybird_nn\flappybird\debug\gam.obj
d:\github\ai course\flappybird_nn\flappybird\debug\flash.obj
d:\github\ai course\flappybird_nn\flappybird\debug\dna.obj
d:\github\ai course\flappybird_nn\flappybird\debug\collision.obj
d:\github\ai course\flappybird_nn\flappybird\debug\bird.obj
d:\github\ai course\flappybird_nn\flappybird\debug\assetmanager.obj
d:\github\ai course\flappybird_nn\flappybird\debug\aicontroller.obj
d:\github\ai course\flappybird_nn\debug\flappybird.exe
d:\github\ai course\flappybird_nn\flappybird\debug\flappybird.ilk
d:\github\ai course\flappybird_nn\debug\flappybird.pdb
d:\github\ai course\flappybird_nn\flappybird\debug\aicontroller.obj.enc
d:\github\ai course\flappybird_nn\flappybird\debug\gamestate.obj.enc
d:\github\ai course\flappybird_nn\flappybird\debug\nn.new.obj.enc
d:\github\ai course\flappybird_nn\flappybird\debug\flappybird.tlog\cl.command.1.tlog
d:\github\ai course\flappybird_nn\flappybird\debug\flappybird.tlog\cl.read.1.tlog
d:\github\ai course\flappybird_nn\flappybird\debug\flappybird.tlog\cl.write.1.tlog
d:\github\ai course\flappybird_nn\flappybird\debug\flappybird.tlog\link.command.1.tlog
d:\github\ai course\flappybird_nn\flappybird\debug\flappybird.tlog\link.read.1.tlog
d:\github\ai course\flappybird_nn\flappybird\debug\flappybird.tlog\link.write.1.tlog
